<?xml version="1.0" encoding="UTF-8"?>
<!-- Generated by org.testng.reporters.JUnitReportReporter -->
<testsuite skipped="0" hostname="DESKTOP-FV0I4VU" name="Academy.HomePage" tests="2" failures="0" timestamp="01 May 2020 19:43:34 GMT" time="33.848" errors="0">
  <testcase name="basePageNavigation" time="22.597" classname="Academy.HomePage"/>
  <testcase name="basePageNavigation" time="11.251" classname="Academy.HomePage"/>
</testsuite> <!-- Academy.HomePage -->
